c:\users\stass\onedrive\рабочий стол\2ndterm\x64\debug\vc143.pdb
c:\users\stass\onedrive\рабочий стол\2ndterm\x64\debug\vc143.idb
c:\users\stass\onedrive\рабочий стол\2ndterm\x64\debug\main.nativecodeanalysis.sarif
c:\users\stass\onedrive\рабочий стол\2ndterm\x64\debug\main.nativecodeanalysis.xml
c:\users\stass\onedrive\рабочий стол\2ndterm\x64\debug\cmenuitem.nativecodeanalysis.sarif
c:\users\stass\onedrive\рабочий стол\2ndterm\x64\debug\cmenuitem.nativecodeanalysis.xml
c:\users\stass\onedrive\рабочий стол\2ndterm\x64\debug\cmenu.nativecodeanalysis.sarif
c:\users\stass\onedrive\рабочий стол\2ndterm\x64\debug\cmenu.nativecodeanalysis.xml
c:\users\stass\onedrive\рабочий стол\2ndterm\x64\debug\product.nativecodeanalysis.sarif
c:\users\stass\onedrive\рабочий стол\2ndterm\x64\debug\product.nativecodeanalysis.xml
c:\users\stass\onedrive\рабочий стол\2ndterm\x64\debug\provider.nativecodeanalysis.sarif
c:\users\stass\onedrive\рабочий стол\2ndterm\x64\debug\provider.nativecodeanalysis.xml
c:\users\stass\onedrive\рабочий стол\2ndterm\x64\debug\user.nativecodeanalysis.sarif
c:\users\stass\onedrive\рабочий стол\2ndterm\x64\debug\user.nativecodeanalysis.xml
c:\users\stass\onedrive\рабочий стол\2ndterm\x64\debug\worker.nativecodeanalysis.sarif
c:\users\stass\onedrive\рабочий стол\2ndterm\x64\debug\worker.nativecodeanalysis.xml
c:\users\stass\onedrive\рабочий стол\2ndterm\x64\debug\worker.obj
c:\users\stass\onedrive\рабочий стол\2ndterm\x64\debug\user.obj
c:\users\stass\onedrive\рабочий стол\2ndterm\x64\debug\provider.obj
c:\users\stass\onedrive\рабочий стол\2ndterm\x64\debug\product.obj
c:\users\stass\onedrive\рабочий стол\2ndterm\x64\debug\cmenu.obj
c:\users\stass\onedrive\рабочий стол\2ndterm\x64\debug\cmenuitem.obj
c:\users\stass\onedrive\рабочий стол\2ndterm\x64\debug\main.obj
c:\users\stass\onedrive\рабочий стол\2ndterm\x64\debug\2nd term.ilk
c:\users\stass\onedrive\рабочий стол\2ndterm\x64\debug\2nd term.exe
c:\users\stass\onedrive\рабочий стол\2ndterm\x64\debug\2nd term.pdb
c:\users\stass\onedrive\рабочий стол\2ndterm\x64\debug\vc.nativecodeanalysis.all.xml
c:\users\stass\onedrive\рабочий стол\2ndterm\x64\debug\2nd term.tlog\cl.command.1.tlog
c:\users\stass\onedrive\рабочий стол\2ndterm\x64\debug\2nd term.tlog\cl.items.tlog
c:\users\stass\onedrive\рабочий стол\2ndterm\x64\debug\2nd term.tlog\cl.read.1.tlog
c:\users\stass\onedrive\рабочий стол\2ndterm\x64\debug\2nd term.tlog\cl.write.1.tlog
c:\users\stass\onedrive\рабочий стол\2ndterm\x64\debug\2nd term.tlog\link.command.1.tlog
c:\users\stass\onedrive\рабочий стол\2ndterm\x64\debug\2nd term.tlog\link.read.1.tlog
c:\users\stass\onedrive\рабочий стол\2ndterm\x64\debug\2nd term.tlog\link.write.1.tlog
